<?xml version="1.0" encoding="UTF-8"?>
<!-- Generated by org.testng.reporters.JUnitReportReporter -->
<testsuite hostname="DESKTOP-7A7SEC8" name="freeCrmTest.LoginPageTest" tests="3" failures="0" timestamp="24 Jul 2019 08:44:38 GMT" time="62.039" errors="0">
  <testcase name="loginDetailsTest" time="23.465" classname="freeCrmTest.LoginPageTest"/>
  <testcase name="loginPageTitleTest" time="22.247" classname="freeCrmTest.LoginPageTest"/>
  <testcase name="imageTitleTest" time="16.327" classname="freeCrmTest.LoginPageTest"/>
</testsuite> <!-- freeCrmTest.LoginPageTest -->
